[2020-12-12 14:33:26]: [1001]makes a connnection to Peer [1008]
[2020-12-12 14:33:26]: Peer [1001] receive the 'interested' message from [1008]
[2020-12-12 14:33:26]: [1001]makes a connnection to Peer [1002]
[2020-12-12 14:33:26]: Peer [1001] receive the 'interested' message from [1002]
[2020-12-12 14:33:26]: [1001]makes a connnection to Peer [1005]
[2020-12-12 14:33:26]: Peer [1001] receive the 'interested' message from [1005]
[2020-12-12 14:33:26]: [1001]makes a connnection to Peer [1007]
[2020-12-12 14:33:26]: Peer [1001] receive the 'interested' message from [1007]
[2020-12-12 14:33:26]: [1001]makes a connnection to Peer [1006]
[2020-12-12 14:33:26]: Peer [1001] receive the 'not interested' message from [1006]
[2020-12-12 14:33:26]: [1001]makes a connnection to Peer [1003]
[2020-12-12 14:33:26]: Peer [1001] receive the 'interested' message from [1003]
[2020-12-12 14:33:26]: [1001]makes a connnection to Peer [1004]
[2020-12-12 14:33:26]: Peer [1001] receive the 'interested' message from [1004]
[2020-12-12 14:33:26]: [1001]makes a connnection to Peer [1009]
[2020-12-12 14:33:26]: Peer [1001] receive the 'interested' message from [1009]
[2020-12-12 14:33:31]: Peer [1001] has the preferred neighbors [1004,1003,1002]
[2020-12-12 14:33:31]: Peer [1001] has the optimistically unchoked neighbors [1005]
[2020-12-12 14:33:31]: Peer [1001] received the 'have' message from [1004] for the piece [24]
[2020-12-12 14:33:31]: Peer [1001] received the 'have' message from [1002] for the piece [60]
[2020-12-12 14:33:31]: Peer [1001] received the 'have' message from [1003] for the piece [64]
[2020-12-12 14:33:31]: Peer [1001] has the optimistically unchoked neighbors [1008]
[2020-12-12 14:33:31]: Peer [1001] received the 'have' message from [1005] for the piece [60]
[2020-12-12 14:33:31]: Peer [1001] has the optimistically unchoked neighbors [1008]
[2020-12-12 14:33:31]: Peer [1001] received the 'have' message from [1002] for the piece [59]
[2020-12-12 14:33:31]: Peer [1001] received the 'have' message from [1003] for the piece [15]
[2020-12-12 14:33:31]: Peer [1001] received the 'have' message from [1004] for the piece [32]
[2020-12-12 14:33:31]: Peer [1001] has the optimistically unchoked neighbors [1005]
[2020-12-12 14:33:31]: Peer [1001] received the 'have' message from [1008] for the piece [25]
[2020-12-12 14:33:31]: Peer [1001] received the 'have' message from [1002] for the piece [37]
[2020-12-12 14:33:31]: Peer [1001] has the optimistically unchoked neighbors [1007]
[2020-12-12 14:33:31]: Peer [1001] received the 'have' message from [1003] for the piece [35]
[2020-12-12 14:33:31]: Peer [1001] received the 'have' message from [1004] for the piece [30]
[2020-12-12 14:33:31]: Peer [1001] has the optimistically unchoked neighbors [1005]
[2020-12-12 14:33:31]: Peer [1001] received the 'have' message from [1007] for the piece [44]
[2020-12-12 14:33:31]: Peer [1001] received the 'have' message from [1002] for the piece [28]
[2020-12-12 14:33:31]: Peer [1001] has the optimistically unchoked neighbors [1005]
[2020-12-12 14:33:31]: Peer [1001] received the 'have' message from [1003] for the piece [39]
[2020-12-12 14:33:31]: Peer [1001] received the 'have' message from [1005] for the piece [37]
[2020-12-12 14:33:31]: Peer [1001] received the 'have' message from [1004] for the piece [12]
[2020-12-12 14:33:31]: Peer [1001] received the 'have' message from [1003] for the piece [37]
[2020-12-12 14:33:31]: Peer [1001] has the optimistically unchoked neighbors [1007]
[2020-12-12 14:33:31]: Peer [1001] received the 'have' message from [1008] for the piece [59]
[2020-12-12 14:33:31]: Peer [1001] received the 'have' message from [1002] for the piece [54]
[2020-12-12 14:33:31]: Peer [1001] received the 'have' message from [1004] for the piece [59]
[2020-12-12 14:33:31]: Peer [1001] has the optimistically unchoked neighbors [1005]
[2020-12-12 14:33:31]: Peer [1001] received the 'have' message from [1004] for the piece [2]
[2020-12-12 14:33:31]: Peer [1001] received the 'have' message from [1003] for the piece [43]
[2020-12-12 14:33:31]: Peer [1001] has the optimistically unchoked neighbors [1007]
[2020-12-12 14:33:31]: Peer [1001] received the 'have' message from [1002] for the piece [63]
[2020-12-12 14:33:31]: Peer [1001] received the 'have' message from [1008] for the piece [37]
[2020-12-12 14:33:31]: Peer [1001] received the 'have' message from [1007] for the piece [37]
[2020-12-12 14:33:31]: Peer [1001] has the optimistically unchoked neighbors [1007]
[2020-12-12 14:33:31]: Peer [1001] received the 'have' message from [1004] for the piece [37]
[2020-12-12 14:33:31]: Peer [1001] received the 'have' message from [1005] for the piece [59]
[2020-12-12 14:33:31]: Peer [1001] received the 'have' message from [1003] for the piece [59]
[2020-12-12 14:33:31]: Peer [1001] received the 'have' message from [1003] for the piece [53]
[2020-12-12 14:33:31]: Peer [1001] received the 'have' message from [1009] for the piece [37]
[2020-12-12 14:33:31]: Peer [1001] received the 'have' message from [1004] for the piece [17]
[2020-12-12 14:33:31]: Peer [1001] has the optimistically unchoked neighbors [1007]
[2020-12-12 14:33:31]: Peer [1001] received the 'have' message from [1002] for the piece [31]
[2020-12-12 14:33:31]: Peer [1001] has the optimistically unchoked neighbors [1008]
[2020-12-12 14:33:31]: Peer [1001] received the 'have' message from [1007] for the piece [60]
[2020-12-12 14:33:31]: Peer [1001] received the 'have' message from [1002] for the piece [12]
[2020-12-12 14:33:31]: Peer [1001] received the 'have' message from [1008] for the piece [54]
[2020-12-12 14:33:31]: Peer [1001] received the 'have' message from [1004] for the piece [28]
[2020-12-12 14:33:31]: Peer [1001] received the 'have' message from [1003] for the piece [52]
[2020-12-12 14:33:31]: Peer [1001] received the 'have' message from [1008] for the piece [60]
[2020-12-12 14:33:31]: Peer [1001] has the optimistically unchoked neighbors [1009]
[2020-12-12 14:33:31]: Peer [1001] received the 'have' message from [1004] for the piece [60]
[2020-12-12 14:33:31]: Peer [1001] received the 'have' message from [1005] for the piece [44]
[2020-12-12 14:33:31]: Peer [1001] received the 'have' message from [1009] for the piece [60]
[2020-12-12 14:33:31]: Peer [1001] received the 'have' message from [1002] for the piece [44]
[2020-12-12 14:33:31]: Peer [1001] has the optimistically unchoked neighbors [1008]
[2020-12-12 14:33:31]: Peer [1001] received the 'have' message from [1009] for the piece [42]
[2020-12-12 14:33:31]: Peer [1001] received the 'have' message from [1007] for the piece [59]
[2020-12-12 14:33:31]: Peer [1001] received the 'have' message from [1003] for the piece [44]
[2020-12-12 14:33:31]: Peer [1001] received the 'have' message from [1004] for the piece [9]
[2020-12-12 14:33:31]: Peer [1001] has the optimistically unchoked neighbors [1008]
[2020-12-12 14:33:31]: Peer [1001] received the 'have' message from [1003] for the piece [26]
[2020-12-12 14:33:31]: Peer [1001] received the 'have' message from [1005] for the piece [28]
[2020-12-12 14:33:31]: Peer [1001] has the optimistically unchoked neighbors [1008]
[2020-12-12 14:33:31]: Peer [1001] received the 'have' message from [1003] for the piece [28]
[2020-12-12 14:33:31]: Peer [1001] received the 'have' message from [1008] for the piece [28]
[2020-12-12 14:33:31]: Peer [1001] received the 'have' message from [1002] for the piece [14]
[2020-12-12 14:33:31]: Peer [1001] received the 'have' message from [1009] for the piece [44]
[2020-12-12 14:33:31]: Peer [1001] has the optimistically unchoked neighbors [1005]
[2020-12-12 14:33:31]: Peer [1001] received the 'have' message from [1003] for the piece [8]
[2020-12-12 14:33:31]: Peer [1001] received the 'have' message from [1004] for the piece [35]
[2020-12-12 14:33:31]: Peer [1001] received the 'have' message from [1009] for the piece [59]
[2020-12-12 14:33:31]: Peer [1001] received the 'have' message from [1002] for the piece [41]
[2020-12-12 14:33:31]: Peer [1001] has the optimistically unchoked neighbors [1007]
[2020-12-12 14:33:31]: Peer [1001] received the 'have' message from [1003] for the piece [22]
[2020-12-12 14:33:31]: Peer [1001] received the 'have' message from [1008] for the piece [29]
[2020-12-12 14:33:31]: Peer [1001] received the 'have' message from [1003] for the piece [60]
[2020-12-12 14:33:31]: Peer [1001] received the 'have' message from [1002] for the piece [32]
[2020-12-12 14:33:31]: Peer [1001] has the optimistically unchoked neighbors [1009]
[2020-12-12 14:33:31]: Peer [1001] received the 'have' message from [1004] for the piece [41]
[2020-12-12 14:33:31]: Peer [1001] received the 'have' message from [1007] for the piece [27]
[2020-12-12 14:33:31]: Peer [1001] has the optimistically unchoked neighbors [1007]
[2020-12-12 14:33:31]: Peer [1001] received the 'have' message from [1002] for the piece [18]
[2020-12-12 14:33:31]: Peer [1001] received the 'have' message from [1009] for the piece [65]
[2020-12-12 14:33:31]: Peer [1001] received the 'have' message from [1008] for the piece [12]
[2020-12-12 14:33:31]: Peer [1001] received the 'have' message from [1003] for the piece [54]
[2020-12-12 14:33:31]: Peer [1001] received the 'have' message from [1004] for the piece [29]
[2020-12-12 14:33:31]: Peer [1001] has the optimistically unchoked neighbors [1009]
[2020-12-12 14:33:31]: Peer [1001] received the 'have' message from [1008] for the piece [27]
[2020-12-12 14:33:31]: Peer [1001] received the 'have' message from [1004] for the piece [54]
[2020-12-12 14:33:31]: Peer [1001] received the 'have' message from [1002] for the piece [62]
[2020-12-12 14:33:31]: Peer [1001] received the 'have' message from [1005] for the piece [31]
[2020-12-12 14:33:31]: Peer [1001] received the 'have' message from [1004] for the piece [14]
[2020-12-12 14:33:31]: Peer [1001] received the 'have' message from [1002] for the piece [65]
[2020-12-12 14:33:31]: Peer [1001] has the optimistically unchoked neighbors [1008]
[2020-12-12 14:33:31]: Peer [1001] received the 'have' message from [1005] for the piece [8]
[2020-12-12 14:33:31]: Peer [1001] received the 'have' message from [1004] for the piece [62]
[2020-12-12 14:33:31]: Peer [1001] received the 'have' message from [1008] for the piece [30]
[2020-12-12 14:33:31]: Peer [1001] has the optimistically unchoked neighbors [1005]
[2020-12-12 14:33:31]: Peer [1001] received the 'have' message from [1003] for the piece [24]
[2020-12-12 14:33:31]: Peer [1001] received the 'have' message from [1002] for the piece [35]
[2020-12-12 14:33:31]: Peer [1001] received the 'have' message from [1004] for the piece [19]
[2020-12-12 14:33:31]: Peer [1001] has the optimistically unchoked neighbors [1005]
[2020-12-12 14:33:31]: Peer [1001] received the 'have' message from [1003] for the piece [7]
[2020-12-12 14:33:31]: Peer [1001] received the 'have' message from [1005] for the piece [42]
[2020-12-12 14:33:31]: Peer [1001] received the 'have' message from [1007] for the piece [42]
[2020-12-12 14:33:31]: Peer [1001] received the 'have' message from [1002] for the piece [49]
[2020-12-12 14:33:31]: Peer [1001] received the 'have' message from [1005] for the piece [22]
[2020-12-12 14:33:31]: Peer [1001] received the 'have' message from [1008] for the piece [44]
[2020-12-12 14:33:31]: Peer [1001] received the 'have' message from [1003] for the piece [49]
[2020-12-12 14:33:31]: Peer [1001] has the optimistically unchoked neighbors [1009]
[2020-12-12 14:33:31]: Peer [1001] received the 'have' message from [1004] for the piece [43]
[2020-12-12 14:33:31]: Peer [1001] received the 'have' message from [1008] for the piece [43]
[2020-12-12 14:33:31]: Peer [1001] received the 'have' message from [1005] for the piece [65]
[2020-12-12 14:33:31]: Peer [1001] received the 'have' message from [1007] for the piece [65]
[2020-12-12 14:33:31]: Peer [1001] received the 'have' message from [1002] for the piece [39]
[2020-12-12 14:33:31]: Peer [1001] received the 'have' message from [1004] for the piece [49]
[2020-12-12 14:33:31]: Peer [1001] received the 'have' message from [1005] for the piece [20]
[2020-12-12 14:33:31]: Peer [1001] has the optimistically unchoked neighbors [1005]
[2020-12-12 14:33:31]: Peer [1001] received the 'have' message from [1008] for the piece [42]
[2020-12-12 14:33:31]: Peer [1001] received the 'have' message from [1003] for the piece [6]
[2020-12-12 14:33:31]: Peer [1001] has the optimistically unchoked neighbors [1007]
[2020-12-12 14:33:31]: Peer [1001] received the 'have' message from [1002] for the piece [0]
[2020-12-12 14:33:31]: Peer [1001] received the 'have' message from [1004] for the piece [50]
[2020-12-12 14:33:31]: Peer [1001] received the 'have' message from [1008] for the piece [32]
[2020-12-12 14:33:31]: Peer [1001] received the 'have' message from [1003] for the piece [9]
[2020-12-12 14:33:31]: Peer [1001] received the 'have' message from [1002] for the piece [2]
[2020-12-12 14:33:31]: Peer [1001] received the 'have' message from [1008] for the piece [65]
[2020-12-12 14:33:31]: Peer [1001] has the optimistically unchoked neighbors [1008]
[2020-12-12 14:33:31]: Peer [1001] received the 'have' message from [1004] for the piece [15]
[2020-12-12 14:33:31]: Peer [1001] received the 'have' message from [1005] for the piece [53]
[2020-12-12 14:33:31]: Peer [1001] received the 'have' message from [1004] for the piece [42]
[2020-12-12 14:33:31]: Peer [1001] received the 'have' message from [1003] for the piece [1]
[2020-12-12 14:33:31]: Peer [1001] has the optimistically unchoked neighbors [1009]
[2020-12-12 14:33:31]: Peer [1001] received the 'have' message from [1002] for the piece [26]
[2020-12-12 14:33:31]: Peer [1001] received the 'have' message from [1004] for the piece [31]
[2020-12-12 14:33:31]: Peer [1001] received the 'have' message from [1002] for the piece [23]
[2020-12-12 14:33:31]: Peer [1001] received the 'have' message from [1003] for the piece [58]
[2020-12-12 14:33:31]: Peer [1001] has the optimistically unchoked neighbors [1005]
[2020-12-12 14:33:31]: Peer [1001] received the 'have' message from [1008] for the piece [35]
[2020-12-12 14:33:31]: Peer [1001] received the 'have' message from [1004] for the piece [34]
[2020-12-12 14:33:31]: Peer [1001] received the 'have' message from [1002] for the piece [4]
[2020-12-12 14:33:31]: Peer [1001] received the 'have' message from [1003] for the piece [47]
[2020-12-12 14:33:31]: Peer [1001] received the 'have' message from [1004] for the piece [26]
[2020-12-12 14:33:31]: Peer [1001] has the optimistically unchoked neighbors [1005]
[2020-12-12 14:33:31]: Peer [1001] has the optimistically unchoked neighbors [1005]
[2020-12-12 14:33:31]: Peer [1001] received the 'have' message from [1002] for the piece [33]
[2020-12-12 14:33:31]: Peer [1001] received the 'have' message from [1005] for the piece [54]
[2020-12-12 14:33:31]: Peer [1001] received the 'have' message from [1004] for the piece [20]
[2020-12-12 14:33:31]: Peer [1001] received the 'have' message from [1003] for the piece [4]
[2020-12-12 14:33:31]: Peer [1001] has the optimistically unchoked neighbors [1008]
[2020-12-12 14:33:31]: Peer [1001] received the 'have' message from [1004] for the piece [53]
[2020-12-12 14:33:31]: Peer [1001] received the 'have' message from [1003] for the piece [19]
[2020-12-12 14:33:31]: Peer [1001] received the 'have' message from [1002] for the piece [36]
[2020-12-12 14:33:31]: Peer [1001] has the optimistically unchoked neighbors [1005]
[2020-12-12 14:33:31]: Peer [1001] received the 'have' message from [1004] for the piece [44]
[2020-12-12 14:33:31]: Peer [1001] received the 'have' message from [1005] for the piece [7]
[2020-12-12 14:33:31]: Peer [1001] received the 'have' message from [1003] for the piece [10]
[2020-12-12 14:33:31]: Peer [1001] received the 'have' message from [1002] for the piece [47]
[2020-12-12 14:33:31]: Peer [1001] received the 'have' message from [1008] for the piece [14]
[2020-12-12 14:33:31]: Peer [1001] has the optimistically unchoked neighbors [1007]
[2020-12-12 14:33:31]: Peer [1001] received the 'have' message from [1004] for the piece [56]
[2020-12-12 14:33:31]: Peer [1001] received the 'have' message from [1003] for the piece [31]
[2020-12-12 14:33:31]: Peer [1001] received the 'have' message from [1002] for the piece [17]
[2020-12-12 14:33:31]: Peer [1001] received the 'have' message from [1004] for the piece [8]
[2020-12-12 14:33:31]: Peer [1001] has the optimistically unchoked neighbors [1005]
[2020-12-12 14:33:31]: Peer [1001] received the 'have' message from [1003] for the piece [27]
[2020-12-12 14:33:31]: Peer [1001] received the 'have' message from [1002] for the piece [53]
[2020-12-12 14:33:31]: Peer [1001] received the 'have' message from [1004] for the piece [65]
[2020-12-12 14:33:31]: Peer [1001] has the optimistically unchoked neighbors [1009]
[2020-12-12 14:33:31]: Peer [1001] received the 'have' message from [1008] for the piece [9]
[2020-12-12 14:33:31]: Peer [1001] received the 'have' message from [1002] for the piece [51]
[2020-12-12 14:33:31]: Peer [1001] received the 'have' message from [1003] for the piece [20]
[2020-12-12 14:33:31]: Peer [1001] received the 'have' message from [1004] for the piece [51]
[2020-12-12 14:33:31]: Peer [1001] has the optimistically unchoked neighbors [1007]
[2020-12-12 14:33:31]: Peer [1001] received the 'have' message from [1003] for the piece [25]
[2020-12-12 14:33:31]: Peer [1001] received the 'have' message from [1005] for the piece [26]
[2020-12-12 14:33:31]: Peer [1001] received the 'have' message from [1002] for the piece [19]
[2020-12-12 14:33:31]: Peer [1001] received the 'have' message from [1004] for the piece [11]
[2020-12-12 14:33:31]: Peer [1001] has the optimistically unchoked neighbors [1005]
[2020-12-12 14:33:31]: Peer [1001] received the 'have' message from [1003] for the piece [2]
[2020-12-12 14:33:31]: Peer [1001] received the 'have' message from [1002] for the piece [61]
[2020-12-12 14:33:31]: Peer [1001] received the 'have' message from [1004] for the piece [0]
[2020-12-12 14:33:31]: Peer [1001] has the optimistically unchoked neighbors [1009]
[2020-12-12 14:33:31]: Peer [1001] received the 'have' message from [1003] for the piece [57]
[2020-12-12 14:33:31]: Peer [1001] received the 'have' message from [1003] for the piece [5]
[2020-12-12 14:33:31]: Peer [1001] received the 'have' message from [1002] for the piece [20]
[2020-12-12 14:33:31]: Peer [1001] received the 'have' message from [1008] for the piece [15]
[2020-12-12 14:33:31]: Peer [1001] has the optimistically unchoked neighbors [1007]
[2020-12-12 14:33:31]: Peer [1001] received the 'have' message from [1004] for the piece [38]
[2020-12-12 14:33:31]: Peer [1001] received the 'have' message from [1002] for the piece [25]
[2020-12-12 14:33:31]: Peer [1001] received the 'have' message from [1005] for the piece [10]
[2020-12-12 14:33:31]: Peer [1001] received the 'have' message from [1008] for the piece [47]
[2020-12-12 14:33:31]: Peer [1001] has the optimistically unchoked neighbors [1009]
[2020-12-12 14:33:31]: Peer [1001] received the 'have' message from [1003] for the piece [32]
[2020-12-12 14:33:31]: Peer [1001] received the 'have' message from [1004] for the piece [10]
[2020-12-12 14:33:31]: Peer [1001] received the 'have' message from [1002] for the piece [9]
[2020-12-12 14:33:31]: Peer [1001] received the 'have' message from [1005] for the piece [12]
[2020-12-12 14:33:31]: Peer [1001] has the optimistically unchoked neighbors [1005]
[2020-12-12 14:33:31]: Peer [1001] received the 'have' message from [1003] for the piece [30]
[2020-12-12 14:33:31]: Peer [1001] received the 'have' message from [1004] for the piece [18]
[2020-12-12 14:33:31]: Peer [1001] received the 'have' message from [1002] for the piece [22]
[2020-12-12 14:33:31]: Peer [1001] has the optimistically unchoked neighbors [1007]
[2020-12-12 14:33:31]: Peer [1001] received the 'have' message from [1004] for the piece [1]
[2020-12-12 14:33:31]: Peer [1001] received the 'have' message from [1002] for the piece [30]
[2020-12-12 14:33:31]: Peer [1001] received the 'have' message from [1003] for the piece [3]
[2020-12-12 14:33:31]: Peer [1001] received the 'have' message from [1004] for the piece [47]
[2020-12-12 14:33:31]: Peer [1001] has the optimistically unchoked neighbors [1005]
[2020-12-12 14:33:31]: Peer [1001] received the 'have' message from [1002] for the piece [46]
[2020-12-12 14:33:31]: Peer [1001] received the 'have' message from [1003] for the piece [46]
[2020-12-12 14:33:31]: Peer [1001] received the 'have' message from [1004] for the piece [52]
[2020-12-12 14:33:31]: Peer [1001] received the 'have' message from [1005] for the piece [1]
[2020-12-12 14:33:31]: Peer [1001] received the 'have' message from [1002] for the piece [1]
[2020-12-12 14:33:31]: Peer [1001] received the 'have' message from [1004] for the piece [40]
[2020-12-12 14:33:31]: Peer [1001] has the optimistically unchoked neighbors [1005]
[2020-12-12 14:33:31]: Peer [1001] received the 'have' message from [1003] for the piece [61]
[2020-12-12 14:33:31]: Peer [1001] received the 'have' message from [1008] for the piece [8]
[2020-12-12 14:33:31]: Peer [1001] received the 'have' message from [1004] for the piece [61]
[2020-12-12 14:33:31]: Peer [1001] received the 'have' message from [1008] for the piece [56]
[2020-12-12 14:33:31]: Peer [1001] received the 'have' message from [1003] for the piece [21]
[2020-12-12 14:33:31]: Peer [1001] has the optimistically unchoked neighbors [1009]
[2020-12-12 14:33:31]: Peer [1001] received the 'have' message from [1002] for the piece [48]
[2020-12-12 14:33:31]: Peer [1001] received the 'have' message from [1002] for the piece [6]
[2020-12-12 14:33:31]: Peer [1001] has the optimistically unchoked neighbors [1009]
[2020-12-12 14:33:31]: Peer [1001] received the 'have' message from [1004] for the piece [25]
[2020-12-12 14:33:31]: Peer [1001] received the 'have' message from [1003] for the piece [17]
[2020-12-12 14:33:31]: Peer [1001] has the optimistically unchoked neighbors [1005]
[2020-12-12 14:33:31]: Peer [1001] received the 'have' message from [1004] for the piece [13]
[2020-12-12 14:33:31]: Peer [1001] received the 'have' message from [1003] for the piece [63]
[2020-12-12 14:33:31]: Peer [1001] received the 'have' message from [1002] for the piece [27]
[2020-12-12 14:33:31]: Peer [1001] received the 'have' message from [1003] for the piece [62]
[2020-12-12 14:33:31]: Peer [1001] received the 'have' message from [1005] for the piece [24]
[2020-12-12 14:33:31]: Peer [1001] has the optimistically unchoked neighbors [1005]
[2020-12-12 14:33:31]: Peer [1001] received the 'have' message from [1002] for the piece [38]
[2020-12-12 14:33:31]: Peer [1001] received the 'have' message from [1004] for the piece [6]
[2020-12-12 14:33:31]: Peer [1001] received the 'have' message from [1003] for the piece [65]
[2020-12-12 14:33:31]: Peer [1001] has the optimistically unchoked neighbors [1005]
[2020-12-12 14:33:31]: Peer [1001] received the 'have' message from [1002] for the piece [3]
[2020-12-12 14:33:31]: Peer [1001] has the optimistically unchoked neighbors [1008]
[2020-12-12 14:33:31]: Peer [1001] received the 'have' message from [1004] for the piece [16]
[2020-12-12 14:33:31]: Peer [1001] received the 'have' message from [1003] for the piece [50]
[2020-12-12 14:33:31]: Peer [1001] received the 'have' message from [1004] for the piece [5]
[2020-12-12 14:33:31]: Peer [1001] received the 'have' message from [1005] for the piece [4]
[2020-12-12 14:33:31]: Peer [1001] has the optimistically unchoked neighbors [1009]
[2020-12-12 14:33:31]: Peer [1001] received the 'have' message from [1002] for the piece [45]
[2020-12-12 14:33:31]: Peer [1001] received the 'have' message from [1008] for the piece [34]
[2020-12-12 14:33:31]: Peer [1001] received the 'have' message from [1003] for the piece [23]
[2020-12-12 14:33:31]: Peer [1001] received the 'have' message from [1004] for the piece [21]
[2020-12-12 14:33:31]: Peer [1001] received the 'have' message from [1002] for the piece [55]
[2020-12-12 14:33:31]: Peer [1001] has the optimistically unchoked neighbors [1005]
[2020-12-12 14:33:31]: Peer [1001] received the 'have' message from [1002] for the piece [7]
[2020-12-12 14:33:31]: Peer [1001] received the 'have' message from [1005] for the piece [25]
[2020-12-12 14:33:31]: Peer [1001] received the 'have' message from [1004] for the piece [63]
[2020-12-12 14:33:31]: Peer [1001] received the 'have' message from [1003] for the piece [11]
[2020-12-12 14:33:31]: Peer [1001] has the optimistically unchoked neighbors [1005]
[2020-12-12 14:33:31]: Peer [1001] received the 'have' message from [1004] for the piece [58]
[2020-12-12 14:33:31]: Peer [1001] received the 'have' message from [1003] for the piece [45]
[2020-12-12 14:33:31]: Peer [1001] received the 'have' message from [1002] for the piece [29]
[2020-12-12 14:33:31]: Peer [1001] has the optimistically unchoked neighbors [1007]
[2020-12-12 14:33:31]: Peer [1001] received the 'have' message from [1002] for the piece [24]
[2020-12-12 14:33:31]: Peer [1001] received the 'have' message from [1004] for the piece [7]
[2020-12-12 14:33:31]: Peer [1001] has the optimistically unchoked neighbors [1007]
[2020-12-12 14:33:31]: Peer [1001] received the 'have' message from [1003] for the piece [55]
[2020-12-12 14:33:31]: Peer [1001] received the 'have' message from [1004] for the piece [64]
[2020-12-12 14:33:31]: Peer [1001] received the 'have' message from [1005] for the piece [15]
[2020-12-12 14:33:31]: Peer [1001] has the optimistically unchoked neighbors [1007]
[2020-12-12 14:33:31]: Peer [1001] received the 'have' message from [1008] for the piece [19]
[2020-12-12 14:33:31]: Peer [1001] received the 'have' message from [1002] for the piece [21]
[2020-12-12 14:33:31]: Peer [1001] received the 'have' message from [1003] for the piece [16]
[2020-12-12 14:33:31]: Peer [1001] received the 'have' message from [1004] for the piece [23]
[2020-12-12 14:33:31]: Peer [1001] received the 'have' message from [1002] for the piece [57]
[2020-12-12 14:33:31]: Peer [1001] has the optimistically unchoked neighbors [1008]
[2020-12-12 14:33:31]: Peer [1001] received the 'have' message from [1003] for the piece [33]
[2020-12-12 14:33:31]: Peer [1001] received the 'have' message from [1004] for the piece [4]
[2020-12-12 14:33:31]: Peer [1001] has the optimistically unchoked neighbors [1009]
[2020-12-12 14:33:31]: Peer [1001] received the 'have' message from [1005] for the piece [61]
[2020-12-12 14:33:31]: Peer [1001] has the optimistically unchoked neighbors [1009]
[2020-12-12 14:33:31]: Peer [1001] received the 'have' message from [1003] for the piece [56]
[2020-12-12 14:33:31]: Peer [1001] received the 'have' message from [1005] for the piece [47]
[2020-12-12 14:33:31]: Peer [1001] received the 'have' message from [1004] for the piece [22]
[2020-12-12 14:33:31]: Peer [1001] has the optimistically unchoked neighbors [1008]
[2020-12-12 14:33:31]: Peer [1001] received the 'have' message from [1003] for the piece [40]
[2020-12-12 14:33:31]: Peer [1001] received the 'have' message from [1004] for the piece [46]
[2020-12-12 14:33:31]: Peer [1001] has the optimistically unchoked neighbors [1008]
[2020-12-12 14:33:31]: Peer [1001] received the 'have' message from [1003] for the piece [42]
[2020-12-12 14:33:31]: Peer [1001] received the 'have' message from [1002] for the piece [42]
[2020-12-12 14:33:31]: Peer [1001] received the 'have' message from [1008] for the piece [1]
[2020-12-12 14:33:31]: Peer [1001] has the optimistically unchoked neighbors [1008]
[2020-12-12 14:33:31]: Peer [1001] received the 'have' message from [1002] for the piece [40]
[2020-12-12 14:33:31]: Peer [1001] received the 'have' message from [1003] for the piece [48]
[2020-12-12 14:33:31]: Peer [1001] has the optimistically unchoked neighbors [1007]
[2020-12-12 14:33:31]: Peer [1001] received the 'have' message from [1004] for the piece [55]
[2020-12-12 14:33:31]: Peer [1001] received the 'have' message from [1003] for the piece [18]
[2020-12-12 14:33:31]: Peer [1001] received the 'have' message from [1002] for the piece [8]
[2020-12-12 14:33:31]: Peer [1001] received the 'have' message from [1005] for the piece [57]
[2020-12-12 14:33:31]: Peer [1001] has the optimistically unchoked neighbors [1007]
[2020-12-12 14:33:31]: Peer [1001] received the 'have' message from [1004] for the piece [3]
[2020-12-12 14:33:31]: Peer [1001] received the 'have' message from [1003] for the piece [14]
[2020-12-12 14:33:31]: Peer [1001] received the 'have' message from [1002] for the piece [58]
[2020-12-12 14:33:31]: Peer [1001] has the optimistically unchoked neighbors [1009]
[2020-12-12 14:33:31]: Peer [1001] received the 'have' message from [1004] for the piece [36]
[2020-12-12 14:33:31]: Peer [1001] received the 'have' message from [1008] for the piece [10]
[2020-12-12 14:33:31]: Peer [1001] received the 'have' message from [1002] for the piece [16]
[2020-12-12 14:33:31]: Peer [1001] received the 'have' message from [1005] for the piece [49]
[2020-12-12 14:33:31]: Peer [1001] received the 'have' message from [1003] for the piece [38]
[2020-12-12 14:33:31]: Peer [1001] received the 'have' message from [1004] for the piece [33]
[2020-12-12 14:33:31]: Peer [1001] has the optimistically unchoked neighbors [1009]
[2020-12-12 14:33:31]: Peer [1001] received the 'have' message from [1003] for the piece [36]
[2020-12-12 14:33:31]: Peer [1001] received the 'have' message from [1002] for the piece [34]
[2020-12-12 14:33:31]: Peer [1001] has the optimistically unchoked neighbors [1005]
[2020-12-12 14:33:31]: Peer [1001] received the 'have' message from [1002] for the piece [10]
[2020-12-12 14:33:31]: Peer [1001] received the 'have' message from [1004] for the piece [57]
[2020-12-12 14:33:31]: Peer [1001] received the 'have' message from [1005] for the piece [39]
[2020-12-12 14:33:31]: Peer [1001] received the 'have' message from [1003] for the piece [12]
[2020-12-12 14:33:31]: Peer [1001] has the optimistically unchoked neighbors [1005]
[2020-12-12 14:33:31]: Peer [1001] received the 'have' message from [1003] for the piece [41]
[2020-12-12 14:33:31]: Peer [1001] received the 'have' message from [1002] for the piece [56]
[2020-12-12 14:33:31]: Peer [1001] received the 'have' message from [1004] for the piece [27]
[2020-12-12 14:33:31]: Peer [1001] received the 'have' message from [1008] for the piece [23]
[2020-12-12 14:33:31]: Peer [1001] has the optimistically unchoked neighbors [1008]
[2020-12-12 14:33:31]: Peer [1001] received the 'have' message from [1004] for the piece [48]
[2020-12-12 14:33:31]: Peer [1001] received the 'have' message from [1003] for the piece [13]
[2020-12-12 14:33:31]: Peer [1001] received the 'have' message from [1002] for the piece [15]
[2020-12-12 14:33:31]: Peer [1001] received the 'have' message from [1003] for the piece [29]
[2020-12-12 14:33:31]: Peer [1001] has the optimistically unchoked neighbors [1008]
[2020-12-12 14:33:31]: Peer [1001] received the 'have' message from [1004] for the piece [39]
[2020-12-12 14:33:31]: Peer [1001] received the 'have' message from [1005] for the piece [2]
[2020-12-12 14:33:31]: Peer [1001] received the 'have' message from [1002] for the piece [5]
[2020-12-12 14:33:31]: Peer [1001] received the 'have' message from [1003] for the piece [0]
[2020-12-12 14:33:31]: Peer [1001] has the optimistically unchoked neighbors [1007]
[2020-12-12 14:33:31]: Peer [1001] received the 'have' message from [1004] for the piece [45]
[2020-12-12 14:33:31]: Peer [1001] received the 'have' message from [1002] for the piece [11]
[2020-12-12 14:33:31]: Peer [1001] received the 'have' message from [1003] for the piece [51]
[2020-12-12 14:33:31]: Peer [1001] has the optimistically unchoked neighbors [1008]
[2020-12-12 14:33:32]: Peer [1001] received the 'have' message from [1002] for the piece [13]
[2020-12-12 14:33:32]: Peer [1001] received the 'have' message from [1004] for the piece [66]
[2020-12-12 14:33:32]: Peer [1001] received the 'have' message from [1008] for the piece [20]
[2020-12-12 14:33:32]: Peer [1001] received the 'have' message from [1005] for the piece [23]
[2020-12-12 14:33:32]: Peer [1001] received the 'have' message from [1003] for the piece [34]
[2020-12-12 14:33:32]: Peer [1001] receive the 'not interested' message from [1004]
[2020-12-12 14:33:32]: Peer [1001] received the 'have' message from [1002] for the piece [50]
[2020-12-12 14:33:32]: Peer [1001] has the optimistically unchoked neighbors [1007]
[2020-12-12 14:33:32]: Peer [1001] received the 'have' message from [1002] for the piece [43]
[2020-12-12 14:33:32]: Peer [1001] has the optimistically unchoked neighbors [1005]
[2020-12-12 14:33:32]: Peer [1001] received the 'have' message from [1003] for the piece [66]
[2020-12-12 14:33:32]: Peer [1001] received the 'have' message from [1002] for the piece [52]
[2020-12-12 14:33:32]: Peer [1001] receive the 'not interested' message from [1003]
[2020-12-12 14:33:32]: Peer [1001] has the optimistically unchoked neighbors [1009]
[2020-12-12 14:33:32]: Peer [1001] received the 'have' message from [1002] for the piece [64]
[2020-12-12 14:33:32]: Peer [1001] has the optimistically unchoked neighbors [1007]
[2020-12-12 14:33:32]: Peer [1001] received the 'have' message from [1002] for the piece [66]
[2020-12-12 14:33:32]: Peer [1001] receive the 'not interested' message from [1002]
[2020-12-12 14:33:32]: Peer [1001] has the optimistically unchoked neighbors [1007]
[2020-12-12 14:33:32]: Peer [1001] received the 'have' message from [1008] for the piece [62]
[2020-12-12 14:33:32]: Peer [1001] received the 'have' message from [1005] for the piece [33]
[2020-12-12 14:33:32]: Peer [1001] has the optimistically unchoked neighbors [1009]
[2020-12-12 14:33:32]: Peer [1001] received the 'have' message from [1008] for the piece [3]
[2020-12-12 14:33:32]: Peer [1001] has the optimistically unchoked neighbors [1008]
[2020-12-12 14:33:32]: Peer [1001] received the 'have' message from [1008] for the piece [11]
[2020-12-12 14:33:32]: Peer [1001] received the 'have' message from [1005] for the piece [55]
[2020-12-12 14:33:32]: Peer [1001] has the optimistically unchoked neighbors [1007]
[2020-12-12 14:33:32]: Peer [1001] received the 'have' message from [1008] for the piece [52]
[2020-12-12 14:33:32]: Peer [1001] has the optimistically unchoked neighbors [1009]
[2020-12-12 14:33:32]: Peer [1001] has the optimistically unchoked neighbors [1008]
[2020-12-12 14:33:32]: Peer [1001] has the optimistically unchoked neighbors [1009]
[2020-12-12 14:33:32]: Peer [1001] received the 'have' message from [1008] for the piece [39]
[2020-12-12 14:33:32]: Peer [1001] has the optimistically unchoked neighbors [1005]
[2020-12-12 14:33:32]: Peer [1001] received the 'have' message from [1008] for the piece [17]
[2020-12-12 14:33:32]: Peer [1001] has the optimistically unchoked neighbors [1005]
[2020-12-12 14:33:32]: Peer [1001] received the 'have' message from [1005] for the piece [19]
[2020-12-12 14:33:32]: Peer [1001] received the 'have' message from [1008] for the piece [63]
[2020-12-12 14:33:32]: Peer [1001] has the optimistically unchoked neighbors [1005]
[2020-12-12 14:33:32]: Peer [1001] received the 'have' message from [1005] for the piece [35]
[2020-12-12 14:33:32]: Peer [1001] has the optimistically unchoked neighbors [1007]
[2020-12-12 14:33:32]: Peer [1001] received the 'have' message from [1008] for the piece [57]
[2020-12-12 14:33:32]: Peer [1001] has the optimistically unchoked neighbors [1009]
[2020-12-12 14:33:32]: Peer [1001] received the 'have' message from [1005] for the piece [56]
[2020-12-12 14:33:32]: Peer [1001] received the 'have' message from [1008] for the piece [36]
[2020-12-12 14:33:32]: Peer [1001] has the optimistically unchoked neighbors [1005]
[2020-12-12 14:33:32]: Peer [1001] received the 'have' message from [1008] for the piece [49]
[2020-12-12 14:33:32]: Peer [1001] has the optimistically unchoked neighbors [1007]
[2020-12-12 14:33:32]: Peer [1001] received the 'have' message from [1005] for the piece [48]
[2020-12-12 14:33:32]: Peer [1001] received the 'have' message from [1008] for the piece [55]
[2020-12-12 14:33:32]: Peer [1001] received the 'have' message from [1005] for the piece [51]
[2020-12-12 14:33:32]: Peer [1001] has the optimistically unchoked neighbors [1007]
[2020-12-12 14:33:32]: Peer [1001] received the 'have' message from [1008] for the piece [48]
[2020-12-12 14:33:32]: Peer [1001] has the optimistically unchoked neighbors [1007]
[2020-12-12 14:33:32]: Peer [1001] received the 'have' message from [1005] for the piece [17]
[2020-12-12 14:33:32]: Peer [1001] has the optimistically unchoked neighbors [1009]
[2020-12-12 14:33:32]: Peer [1001] received the 'have' message from [1005] for the piece [21]
[2020-12-12 14:33:32]: Peer [1001] received the 'have' message from [1005] for the piece [45]
[2020-12-12 14:33:32]: Peer [1001] has the optimistically unchoked neighbors [1008]
[2020-12-12 14:33:32]: Peer [1001] received the 'have' message from [1005] for the piece [5]
[2020-12-12 14:33:32]: Peer [1001] has the optimistically unchoked neighbors [1007]
[2020-12-12 14:33:32]: Peer [1001] received the 'have' message from [1005] for the piece [11]
[2020-12-12 14:33:32]: Peer [1001] has the optimistically unchoked neighbors [1005]
[2020-12-12 14:33:32]: Peer [1001] received the 'have' message from [1005] for the piece [64]
[2020-12-12 14:33:32]: Peer [1001] has the optimistically unchoked neighbors [1008]
[2020-12-12 14:33:32]: Peer [1001] received the 'have' message from [1005] for the piece [52]
[2020-12-12 14:33:32]: Peer [1001] received the 'have' message from [1005] for the piece [3]
[2020-12-12 14:33:32]: Peer [1001] has the optimistically unchoked neighbors [1008]
[2020-12-12 14:33:32]: Peer [1001] has the optimistically unchoked neighbors [1009]
[2020-12-12 14:33:32]: Peer [1001] received the 'have' message from [1005] for the piece [43]
[2020-12-12 14:33:32]: Peer [1001] received the 'have' message from [1008] for the piece [0]
[2020-12-12 14:33:32]: Peer [1001] received the 'have' message from [1005] for the piece [6]
[2020-12-12 14:33:32]: Peer [1001] has the optimistically unchoked neighbors [1008]
[2020-12-12 14:33:32]: Peer [1001] received the 'have' message from [1008] for the piece [38]
[2020-12-12 14:33:32]: Peer [1001] received the 'have' message from [1005] for the piece [14]
[2020-12-12 14:33:32]: Peer [1001] has the optimistically unchoked neighbors [1009]
[2020-12-12 14:33:32]: Peer [1001] received the 'have' message from [1005] for the piece [58]
[2020-12-12 14:33:32]: Peer [1001] received the 'have' message from [1008] for the piece [31]
[2020-12-12 14:33:32]: Peer [1001] received the 'have' message from [1005] for the piece [41]
[2020-12-12 14:33:32]: Peer [1001] has the optimistically unchoked neighbors [1008]
[2020-12-12 14:33:32]: Peer [1001] received the 'have' message from [1005] for the piece [50]
[2020-12-12 14:33:32]: Peer [1001] received the 'have' message from [1008] for the piece [64]
[2020-12-12 14:33:32]: Peer [1001] has the optimistically unchoked neighbors [1005]
[2020-12-12 14:33:32]: Peer [1001] received the 'have' message from [1005] for the piece [18]
[2020-12-12 14:33:32]: Peer [1001] has the optimistically unchoked neighbors [1008]
[2020-12-12 14:33:32]: Peer [1001] received the 'have' message from [1008] for the piece [46]
[2020-12-12 14:33:32]: Peer [1001] received the 'have' message from [1005] for the piece [34]
[2020-12-12 14:33:32]: Peer [1001] has the optimistically unchoked neighbors [1005]
[2020-12-12 14:33:32]: Peer [1001] received the 'have' message from [1005] for the piece [29]
[2020-12-12 14:33:32]: Peer [1001] received the 'have' message from [1008] for the piece [61]
[2020-12-12 14:33:32]: Peer [1001] received the 'have' message from [1005] for the piece [30]
[2020-12-12 14:33:32]: Peer [1001] has the optimistically unchoked neighbors [1005]
[2020-12-12 14:33:32]: Peer [1001] received the 'have' message from [1008] for the piece [53]
[2020-12-12 14:33:32]: Peer [1001] received the 'have' message from [1005] for the piece [16]
[2020-12-12 14:33:32]: Peer [1001] has the optimistically unchoked neighbors [1009]
[2020-12-12 14:33:32]: Peer [1001] received the 'have' message from [1005] for the piece [46]
[2020-12-12 14:33:32]: Peer [1001] received the 'have' message from [1008] for the piece [4]
[2020-12-12 14:33:32]: Peer [1001] has the optimistically unchoked neighbors [1007]
[2020-12-12 14:33:32]: Peer [1001] has the optimistically unchoked neighbors [1005]
[2020-12-12 14:33:32]: Peer [1001] received the 'have' message from [1005] for the piece [62]
[2020-12-12 14:33:32]: Peer [1001] received the 'have' message from [1005] for the piece [9]
[2020-12-12 14:33:32]: Peer [1001] received the 'have' message from [1008] for the piece [21]
[2020-12-12 14:33:32]: Peer [1001] has the optimistically unchoked neighbors [1007]
[2020-12-12 14:33:32]: Peer [1001] received the 'have' message from [1008] for the piece [40]
[2020-12-12 14:33:32]: Peer [1001] has the optimistically unchoked neighbors [1009]
[2020-12-12 14:33:32]: Peer [1001] received the 'have' message from [1005] for the piece [40]
[2020-12-12 14:33:32]: Peer [1001] received the 'have' message from [1005] for the piece [32]
[2020-12-12 14:33:32]: Peer [1001] has the optimistically unchoked neighbors [1007]
[2020-12-12 14:33:32]: Peer [1001] received the 'have' message from [1008] for the piece [50]
[2020-12-12 14:33:32]: Peer [1001] received the 'have' message from [1005] for the piece [63]
[2020-12-12 14:33:32]: Peer [1001] has the optimistically unchoked neighbors [1005]
[2020-12-12 14:33:32]: Peer [1001] received the 'have' message from [1008] for the piece [58]
[2020-12-12 14:33:32]: Peer [1001] received the 'have' message from [1005] for the piece [13]
[2020-12-12 14:33:32]: Peer [1001] has the optimistically unchoked neighbors [1008]
[2020-12-12 14:33:32]: Peer [1001] received the 'have' message from [1008] for the piece [13]
[2020-12-12 14:33:32]: Peer [1001] received the 'have' message from [1005] for the piece [27]
[2020-12-12 14:33:32]: Peer [1001] has the optimistically unchoked neighbors [1007]
[2020-12-12 14:33:32]: Peer [1001] received the 'have' message from [1005] for the piece [38]
[2020-12-12 14:33:32]: Peer [1001] received the 'have' message from [1008] for the piece [22]
[2020-12-12 14:33:32]: Peer [1001] has the optimistically unchoked neighbors [1005]
[2020-12-12 14:33:32]: Peer [1001] received the 'have' message from [1005] for the piece [0]
[2020-12-12 14:33:32]: Peer [1001] has the optimistically unchoked neighbors [1009]
[2020-12-12 14:33:32]: Peer [1001] received the 'have' message from [1005] for the piece [36]
[2020-12-12 14:33:32]: Peer [1001] received the 'have' message from [1008] for the piece [5]
[2020-12-12 14:33:32]: Peer [1001] has the optimistically unchoked neighbors [1008]
[2020-12-12 14:33:32]: Peer [1001] received the 'have' message from [1008] for the piece [18]
[2020-12-12 14:33:32]: Peer [1001] received the 'have' message from [1005] for the piece [66]
[2020-12-12 14:33:32]: Peer [1001] receive the 'not interested' message from [1005]
[2020-12-12 14:33:32]: Peer [1001] has the optimistically unchoked neighbors [1005]
[2020-12-12 14:33:32]: Peer [1001] received the 'have' message from [1008] for the piece [7]
[2020-12-12 14:33:32]: Peer [1001] has the optimistically unchoked neighbors [1008]
[2020-12-12 14:33:32]: Peer [1001] received the 'have' message from [1008] for the piece [16]
[2020-12-12 14:33:32]: Peer [1001] has the optimistically unchoked neighbors [1009]
[2020-12-12 14:33:32]: Peer [1001] received the 'have' message from [1008] for the piece [24]
[2020-12-12 14:33:32]: Peer [1001] has the optimistically unchoked neighbors [1005]
[2020-12-12 14:33:32]: Peer [1001] has the optimistically unchoked neighbors [1009]
[2020-12-12 14:33:32]: Peer [1001] received the 'have' message from [1008] for the piece [26]
[2020-12-12 14:33:32]: Peer [1001] has the optimistically unchoked neighbors [1007]
[2020-12-12 14:33:32]: Peer [1001] received the 'have' message from [1008] for the piece [41]
[2020-12-12 14:33:32]: Peer [1001] has the optimistically unchoked neighbors [1008]
[2020-12-12 14:33:32]: Peer [1001] received the 'have' message from [1008] for the piece [51]
[2020-12-12 14:33:32]: Peer [1001] has the optimistically unchoked neighbors [1008]
[2020-12-12 14:33:32]: Peer [1001] received the 'have' message from [1008] for the piece [33]
[2020-12-12 14:33:32]: Peer [1001] has the optimistically unchoked neighbors [1007]
[2020-12-12 14:33:32]: Peer [1001] received the 'have' message from [1008] for the piece [6]
[2020-12-12 14:33:32]: Peer [1001] has the optimistically unchoked neighbors [1007]
[2020-12-12 14:33:32]: Peer [1001] received the 'have' message from [1008] for the piece [45]
[2020-12-12 14:33:32]: Peer [1001] has the optimistically unchoked neighbors [1005]
[2020-12-12 14:33:32]: Peer [1001] received the 'have' message from [1008] for the piece [2]
[2020-12-12 14:33:32]: Peer [1001] has the optimistically unchoked neighbors [1009]
[2020-12-12 14:33:32]: Peer [1001] received the 'have' message from [1008] for the piece [66]
[2020-12-12 14:33:32]: Peer [1001] has the optimistically unchoked neighbors [1008]
[2020-12-12 14:33:32]: Peer [1001] receive the 'not interested' message from [1008]
[2020-12-12 14:33:32]: Peer [1001] has the optimistically unchoked neighbors [1005]
[2020-12-12 14:33:32]: Peer [1001] has the optimistically unchoked neighbors [1007]
[2020-12-12 14:33:32]: Peer [1001] has the optimistically unchoked neighbors [1009]
[2020-12-12 14:33:32]: Peer [1001] has the optimistically unchoked neighbors [1007]
[2020-12-12 14:33:32]: Peer [1001] has the optimistically unchoked neighbors [1007]
[2020-12-12 14:33:32]: Peer [1001] has the optimistically unchoked neighbors [1005]
[2020-12-12 14:33:32]: Peer [1001] has the optimistically unchoked neighbors [1005]
[2020-12-12 14:33:32]: Peer [1001] has the optimistically unchoked neighbors [1009]
[2020-12-12 14:33:32]: Peer [1001] has the optimistically unchoked neighbors [1007]
[2020-12-12 14:33:32]: Peer [1001] has the optimistically unchoked neighbors [1008]
[2020-12-12 14:33:32]: Peer [1001] has the optimistically unchoked neighbors [1009]
[2020-12-12 14:33:32]: Peer [1001] has the optimistically unchoked neighbors [1005]
[2020-12-12 14:33:32]: Peer [1001] has the optimistically unchoked neighbors [1008]
[2020-12-12 14:33:32]: Peer [1001] has the optimistically unchoked neighbors [1007]
[2020-12-12 14:33:32]: Peer [1001] has the optimistically unchoked neighbors [1008]
[2020-12-12 14:33:32]: Peer [1001] has the optimistically unchoked neighbors [1009]
[2020-12-12 14:33:32]: Peer [1001] has the optimistically unchoked neighbors [1005]
[2020-12-12 14:33:32]: Peer [1001] has the optimistically unchoked neighbors [1009]
[2020-12-12 14:33:32]: Peer [1001] has the optimistically unchoked neighbors [1009]
[2020-12-12 14:33:32]: Peer [1001] has the optimistically unchoked neighbors [1007]
[2020-12-12 14:33:32]: Peer [1001] has the optimistically unchoked neighbors [1005]
[2020-12-12 14:33:32]: Peer [1001] has the optimistically unchoked neighbors [1007]
[2020-12-12 14:33:32]: Peer [1001] has the optimistically unchoked neighbors [1009]
[2020-12-12 14:33:33]: Peer [1001] has the optimistically unchoked neighbors [1009]
[2020-12-12 14:33:33]: Peer [1001] has the optimistically unchoked neighbors [1009]
[2020-12-12 14:33:33]: Peer [1001] has the optimistically unchoked neighbors [1008]
[2020-12-12 14:33:33]: Peer [1001] has the optimistically unchoked neighbors [1005]
[2020-12-12 14:33:33]: Peer [1001] has the optimistically unchoked neighbors [1008]
[2020-12-12 14:33:33]: Peer [1001] has the optimistically unchoked neighbors [1005]
[2020-12-12 14:33:33]: Peer [1001] has the optimistically unchoked neighbors [1008]
[2020-12-12 14:33:33]: Peer [1001] has the optimistically unchoked neighbors [1007]
[2020-12-12 14:33:33]: Peer [1001] has the optimistically unchoked neighbors [1008]
[2020-12-12 14:33:33]: Peer [1001] has the optimistically unchoked neighbors [1008]
[2020-12-12 14:33:33]: Peer [1001] has the optimistically unchoked neighbors [1009]
[2020-12-12 14:33:33]: Peer [1001] has the optimistically unchoked neighbors [1008]
[2020-12-12 14:33:33]: Peer [1001] has the optimistically unchoked neighbors [1009]
[2020-12-12 14:33:33]: Peer [1001] has the optimistically unchoked neighbors [1008]
[2020-12-12 14:33:33]: Peer [1001] has the optimistically unchoked neighbors [1005]
[2020-12-12 14:33:33]: Peer [1001] has the optimistically unchoked neighbors [1009]
[2020-12-12 14:33:33]: Peer [1001] has the optimistically unchoked neighbors [1009]
[2020-12-12 14:33:33]: Peer [1001] has the optimistically unchoked neighbors [1005]
[2020-12-12 14:33:33]: Peer [1001] has the optimistically unchoked neighbors [1008]
[2020-12-12 14:33:33]: Peer [1001] has the optimistically unchoked neighbors [1005]
[2020-12-12 14:33:33]: Peer [1001] has the optimistically unchoked neighbors [1009]
[2020-12-12 14:33:33]: Peer [1001] has the optimistically unchoked neighbors [1009]
[2020-12-12 14:33:33]: Peer [1001] has the optimistically unchoked neighbors [1008]
[2020-12-12 14:33:33]: Peer [1001] has the optimistically unchoked neighbors [1007]
[2020-12-12 14:33:33]: Peer [1001] has the optimistically unchoked neighbors [1007]
[2020-12-12 14:33:33]: Peer [1001] has the optimistically unchoked neighbors [1009]
[2020-12-12 14:33:33]: Peer [1001] has the optimistically unchoked neighbors [1007]
[2020-12-12 14:33:33]: Peer [1001] has the optimistically unchoked neighbors [1007]
[2020-12-12 14:33:33]: Peer [1001] has the optimistically unchoked neighbors [1007]
[2020-12-12 14:33:33]: Peer [1001] has the optimistically unchoked neighbors [1005]
[2020-12-12 14:33:33]: Peer [1001] has the optimistically unchoked neighbors [1009]
[2020-12-12 14:33:33]: Peer [1001] has the optimistically unchoked neighbors [1005]
[2020-12-12 14:33:33]: Peer [1001] has the optimistically unchoked neighbors [1008]
[2020-12-12 14:33:33]: Peer [1001] has the optimistically unchoked neighbors [1008]
[2020-12-12 14:33:33]: Peer [1001] has the optimistically unchoked neighbors [1005]
[2020-12-12 14:33:33]: Peer [1001] has the optimistically unchoked neighbors [1005]
[2020-12-12 14:33:33]: Peer [1001] has the optimistically unchoked neighbors [1005]
[2020-12-12 14:33:33]: Peer [1001] has the optimistically unchoked neighbors [1008]
[2020-12-12 14:33:33]: Peer [1001] has the optimistically unchoked neighbors [1009]
[2020-12-12 14:33:33]: Peer [1001] has the optimistically unchoked neighbors [1007]
[2020-12-12 14:33:33]: Peer [1001] has the optimistically unchoked neighbors [1007]
[2020-12-12 14:33:33]: Peer [1001] has the optimistically unchoked neighbors [1009]
[2020-12-12 14:33:33]: Peer [1001] has the optimistically unchoked neighbors [1005]
[2020-12-12 14:33:33]: Peer [1001] has the optimistically unchoked neighbors [1005]
[2020-12-12 14:33:33]: Peer [1001] has the optimistically unchoked neighbors [1009]
[2020-12-12 14:33:33]: Peer [1001] has the optimistically unchoked neighbors [1009]
[2020-12-12 14:33:33]: Peer [1001] has the optimistically unchoked neighbors [1008]
[2020-12-12 14:33:33]: Peer [1001] has the optimistically unchoked neighbors [1005]
[2020-12-12 14:33:33]: Peer [1001] has the optimistically unchoked neighbors [1009]
[2020-12-12 14:33:33]: Peer [1001] has the optimistically unchoked neighbors [1007]
[2020-12-12 14:33:33]: Peer [1001] has the optimistically unchoked neighbors [1005]
[2020-12-12 14:33:33]: Peer [1001] has the optimistically unchoked neighbors [1009]
[2020-12-12 14:33:33]: Peer [1001] has the optimistically unchoked neighbors [1008]
[2020-12-12 14:33:33]: Peer [1001] has the optimistically unchoked neighbors [1007]
[2020-12-12 14:33:33]: Peer [1001] has the optimistically unchoked neighbors [1007]
[2020-12-12 14:33:33]: Peer [1001] has the optimistically unchoked neighbors [1005]
[2020-12-12 14:33:33]: Peer [1001] has the optimistically unchoked neighbors [1007]
[2020-12-12 14:33:33]: Peer [1001] has the optimistically unchoked neighbors [1009]
[2020-12-12 14:33:33]: Peer [1001] has the optimistically unchoked neighbors [1005]
[2020-12-12 14:33:33]: Peer [1001] has the optimistically unchoked neighbors [1005]
[2020-12-12 14:33:33]: Peer [1001] has the optimistically unchoked neighbors [1007]
[2020-12-12 14:33:33]: Peer [1001] has the optimistically unchoked neighbors [1008]
[2020-12-12 14:33:33]: Peer [1001] has the optimistically unchoked neighbors [1008]
[2020-12-12 14:33:33]: Peer [1001] has the optimistically unchoked neighbors [1009]
[2020-12-12 14:33:33]: Peer [1001] has the optimistically unchoked neighbors [1009]
[2020-12-12 14:33:33]: Peer [1001] has the optimistically unchoked neighbors [1008]
[2020-12-12 14:33:33]: Peer [1001] has the optimistically unchoked neighbors [1007]
[2020-12-12 14:33:33]: Peer [1001] has the optimistically unchoked neighbors [1005]
[2020-12-12 14:33:33]: Peer [1001] has the optimistically unchoked neighbors [1008]
[2020-12-12 14:33:33]: Peer [1001] has the optimistically unchoked neighbors [1007]
[2020-12-12 14:33:33]: Peer [1001] has the optimistically unchoked neighbors [1005]
[2020-12-12 14:33:33]: Peer [1001] has the optimistically unchoked neighbors [1009]
[2020-12-12 14:33:33]: Peer [1001] has the optimistically unchoked neighbors [1005]
[2020-12-12 14:33:33]: Peer [1001] has the optimistically unchoked neighbors [1009]
[2020-12-12 14:33:33]: Peer [1001] has the optimistically unchoked neighbors [1009]
[2020-12-12 14:33:33]: Peer [1001] has the optimistically unchoked neighbors [1007]
[2020-12-12 14:33:33]: Peer [1001] has the optimistically unchoked neighbors [1009]
[2020-12-12 14:33:33]: Peer [1001] has the optimistically unchoked neighbors [1009]
[2020-12-12 14:33:33]: Peer [1001] has the optimistically unchoked neighbors [1007]
[2020-12-12 14:33:33]: Peer [1001] has the optimistically unchoked neighbors [1005]
[2020-12-12 14:33:33]: Peer [1001] has the optimistically unchoked neighbors [1009]
[2020-12-12 14:33:33]: Peer [1001] has the optimistically unchoked neighbors [1007]
[2020-12-12 14:33:33]: Peer [1001] has the optimistically unchoked neighbors [1008]
[2020-12-12 14:33:33]: Peer [1001] has the optimistically unchoked neighbors [1008]
[2020-12-12 14:33:33]: Peer [1001] has the optimistically unchoked neighbors [1005]
[2020-12-12 14:33:34]: Peer [1001] has the optimistically unchoked neighbors [1005]
[2020-12-12 14:33:34]: Peer [1001] has the optimistically unchoked neighbors [1007]
[2020-12-12 14:33:34]: Peer [1001] has the optimistically unchoked neighbors [1007]
[2020-12-12 14:33:34]: Peer [1001] has the optimistically unchoked neighbors [1007]
[2020-12-12 14:33:34]: Peer [1001] has the optimistically unchoked neighbors [1007]
[2020-12-12 14:33:34]: Peer [1001] has the optimistically unchoked neighbors [1009]
[2020-12-12 14:33:34]: Peer [1001] has the optimistically unchoked neighbors [1009]
[2020-12-12 14:33:34]: Peer [1001] has the optimistically unchoked neighbors [1007]
[2020-12-12 14:33:34]: Peer [1001] has the optimistically unchoked neighbors [1008]
[2020-12-12 14:33:34]: Peer [1001] has the optimistically unchoked neighbors [1008]
[2020-12-12 14:33:34]: Peer [1001] has the optimistically unchoked neighbors [1009]
[2020-12-12 14:33:34]: Peer [1001] has the optimistically unchoked neighbors [1005]
[2020-12-12 14:33:34]: Peer [1001] has the optimistically unchoked neighbors [1008]
[2020-12-12 14:33:34]: Peer [1001] has the optimistically unchoked neighbors [1007]
[2020-12-12 14:33:34]: Peer [1001] has the optimistically unchoked neighbors [1009]
[2020-12-12 14:33:34]: Peer [1001] has the optimistically unchoked neighbors [1007]
[2020-12-12 14:33:34]: Peer [1001] has the optimistically unchoked neighbors [1007]
[2020-12-12 14:33:34]: Peer [1001] has the optimistically unchoked neighbors [1005]
[2020-12-12 14:33:34]: Peer [1001] has the optimistically unchoked neighbors [1008]
[2020-12-12 14:33:34]: Peer [1001] has the optimistically unchoked neighbors [1007]
[2020-12-12 14:33:34]: Peer [1001] has the optimistically unchoked neighbors [1009]
[2020-12-12 14:33:34]: Peer [1001] has the optimistically unchoked neighbors [1007]
[2020-12-12 14:33:34]: Peer [1001] has the optimistically unchoked neighbors [1005]
[2020-12-12 14:33:34]: Peer [1001] has the optimistically unchoked neighbors [1005]
[2020-12-12 14:33:34]: Peer [1001] has the optimistically unchoked neighbors [1007]
[2020-12-12 14:33:34]: Peer [1001] has the optimistically unchoked neighbors [1005]
[2020-12-12 14:33:34]: Peer [1001] has the optimistically unchoked neighbors [1008]
[2020-12-12 14:33:34]: Peer [1001] has the optimistically unchoked neighbors [1007]
[2020-12-12 14:33:34]: Peer [1001] has the optimistically unchoked neighbors [1008]
[2020-12-12 14:33:34]: Peer [1001] has the optimistically unchoked neighbors [1008]
[2020-12-12 14:33:34]: Peer [1001] has the optimistically unchoked neighbors [1005]
[2020-12-12 14:33:34]: Peer [1001] has the optimistically unchoked neighbors [1008]
[2020-12-12 14:33:34]: Peer [1001] has the optimistically unchoked neighbors [1009]
[2020-12-12 14:33:34]: Peer [1001] has the optimistically unchoked neighbors [1005]
[2020-12-12 14:33:34]: Peer [1001] has the optimistically unchoked neighbors [1005]
[2020-12-12 14:33:34]: Peer [1001] has the optimistically unchoked neighbors [1007]
[2020-12-12 14:33:34]: Peer [1001] has the optimistically unchoked neighbors [1007]
[2020-12-12 14:33:34]: Peer [1001] has the optimistically unchoked neighbors [1008]
[2020-12-12 14:33:34]: Peer [1001] has the optimistically unchoked neighbors [1007]
[2020-12-12 14:33:34]: Peer [1001] has the optimistically unchoked neighbors [1007]
[2020-12-12 14:33:34]: Peer [1001] has the optimistically unchoked neighbors [1009]
[2020-12-12 14:33:34]: Peer [1001] has the optimistically unchoked neighbors [1007]
[2020-12-12 14:33:34]: Peer [1001] has the optimistically unchoked neighbors [1007]
[2020-12-12 14:33:34]: Peer [1001] has the optimistically unchoked neighbors [1005]
[2020-12-12 14:33:34]: Peer [1001] has the optimistically unchoked neighbors [1009]
[2020-12-12 14:33:34]: Peer [1001] has the optimistically unchoked neighbors [1005]
[2020-12-12 14:33:34]: Peer [1001] has the optimistically unchoked neighbors [1007]
[2020-12-12 14:33:34]: Peer [1001] has the optimistically unchoked neighbors [1008]
[2020-12-12 14:33:34]: Peer [1001] has the optimistically unchoked neighbors [1007]
[2020-12-12 14:33:34]: Peer [1001] has the optimistically unchoked neighbors [1008]
[2020-12-12 14:33:34]: Peer [1001] has the optimistically unchoked neighbors [1007]
[2020-12-12 14:33:34]: Peer [1001] has the optimistically unchoked neighbors [1008]
[2020-12-12 14:33:34]: Peer [1001] has the optimistically unchoked neighbors [1005]
[2020-12-12 14:33:34]: Peer [1001] has the optimistically unchoked neighbors [1008]
[2020-12-12 14:33:34]: Peer [1001] has the optimistically unchoked neighbors [1008]
[2020-12-12 14:33:34]: Peer [1001] has the optimistically unchoked neighbors [1005]
[2020-12-12 14:33:34]: Peer [1001] has the optimistically unchoked neighbors [1008]
[2020-12-12 14:33:34]: Peer [1001] has the optimistically unchoked neighbors [1008]
[2020-12-12 14:33:34]: Peer [1001] has the optimistically unchoked neighbors [1008]
[2020-12-12 14:33:34]: Peer [1001] has the optimistically unchoked neighbors [1009]
[2020-12-12 14:33:34]: Peer [1001] has the optimistically unchoked neighbors [1008]
[2020-12-12 14:33:34]: Peer [1001] has the optimistically unchoked neighbors [1008]
[2020-12-12 14:33:34]: Peer [1001] has the optimistically unchoked neighbors [1009]
[2020-12-12 14:33:34]: Peer [1001] has the optimistically unchoked neighbors [1009]
[2020-12-12 14:33:34]: Peer [1001] has the optimistically unchoked neighbors [1008]
[2020-12-12 14:33:34]: Peer [1001] has the optimistically unchoked neighbors [1008]
[2020-12-12 14:33:34]: Peer [1001] has the optimistically unchoked neighbors [1005]
[2020-12-12 14:33:34]: Peer [1001] has the optimistically unchoked neighbors [1007]
[2020-12-12 14:33:34]: Peer [1001] has the optimistically unchoked neighbors [1007]
[2020-12-12 14:33:34]: Peer [1001] has the optimistically unchoked neighbors [1009]
[2020-12-12 14:33:34]: Peer [1001] has the optimistically unchoked neighbors [1009]
[2020-12-12 14:33:34]: Peer [1001] has the optimistically unchoked neighbors [1009]
[2020-12-12 14:33:34]: Peer [1001] has the optimistically unchoked neighbors [1009]
[2020-12-12 14:33:34]: Peer [1001] has the optimistically unchoked neighbors [1009]
[2020-12-12 14:33:34]: Peer [1001] has the optimistically unchoked neighbors [1008]
[2020-12-12 14:33:34]: Peer [1001] has the optimistically unchoked neighbors [1005]
[2020-12-12 14:33:34]: Peer [1001] has the optimistically unchoked neighbors [1007]
[2020-12-12 14:33:34]: Peer [1001] has the optimistically unchoked neighbors [1005]
[2020-12-12 14:33:34]: Peer [1001] has the optimistically unchoked neighbors [1005]
[2020-12-12 14:33:34]: Peer [1001] has the optimistically unchoked neighbors [1008]
[2020-12-12 14:33:34]: Peer [1001] has the optimistically unchoked neighbors [1008]
[2020-12-12 14:33:34]: Peer [1001] has the optimistically unchoked neighbors [1008]
[2020-12-12 14:33:34]: Peer [1001] has the optimistically unchoked neighbors [1005]
[2020-12-12 14:33:34]: Peer [1001] has the optimistically unchoked neighbors [1009]
[2020-12-12 14:33:34]: Peer [1001] has the optimistically unchoked neighbors [1005]
[2020-12-12 14:33:35]: Peer [1001] has the optimistically unchoked neighbors [1009]
[2020-12-12 14:33:35]: Peer [1001] has the optimistically unchoked neighbors [1007]
[2020-12-12 14:33:35]: Peer [1001] has the optimistically unchoked neighbors [1005]
[2020-12-12 14:33:35]: Peer [1001] has the optimistically unchoked neighbors [1005]
[2020-12-12 14:33:35]: Peer [1001] has the optimistically unchoked neighbors [1008]
[2020-12-12 14:33:35]: Peer [1001] has the optimistically unchoked neighbors [1009]
[2020-12-12 14:33:35]: Peer [1001] has the optimistically unchoked neighbors [1005]
[2020-12-12 14:33:35]: Peer [1001] has the optimistically unchoked neighbors [1005]
[2020-12-12 14:33:35]: Peer [1001] has the optimistically unchoked neighbors [1005]
[2020-12-12 14:33:35]: Peer [1001] has the optimistically unchoked neighbors [1009]
[2020-12-12 14:33:35]: Peer [1001] has the optimistically unchoked neighbors [1007]
[2020-12-12 14:33:35]: Peer [1001] has the optimistically unchoked neighbors [1009]
[2020-12-12 14:33:35]: Peer [1001] has the optimistically unchoked neighbors [1005]
[2020-12-12 14:33:35]: Peer [1001] has the optimistically unchoked neighbors [1007]
[2020-12-12 14:33:35]: Peer [1001] has the optimistically unchoked neighbors [1009]
[2020-12-12 14:33:35]: Peer [1001] has the optimistically unchoked neighbors [1007]
[2020-12-12 14:33:35]: Peer [1001] has the optimistically unchoked neighbors [1009]
[2020-12-12 14:33:35]: Peer [1001] has the optimistically unchoked neighbors [1008]
[2020-12-12 14:33:35]: Peer [1001] has the optimistically unchoked neighbors [1005]
[2020-12-12 14:33:35]: Peer [1001] has the optimistically unchoked neighbors [1007]
[2020-12-12 14:33:35]: Peer [1001] has the optimistically unchoked neighbors [1007]
[2020-12-12 14:33:35]: Peer [1001] has the optimistically unchoked neighbors [1007]
[2020-12-12 14:33:35]: Peer [1001] has the optimistically unchoked neighbors [1007]
[2020-12-12 14:33:35]: Peer [1001] has the optimistically unchoked neighbors [1007]
[2020-12-12 14:33:35]: Peer [1001] has the optimistically unchoked neighbors [1007]
[2020-12-12 14:33:35]: Peer [1001] has the optimistically unchoked neighbors [1009]
[2020-12-12 14:33:35]: Peer [1001] has the optimistically unchoked neighbors [1007]
[2020-12-12 14:33:35]: Peer [1001] has the optimistically unchoked neighbors [1007]
[2020-12-12 14:33:35]: Peer [1001] has the optimistically unchoked neighbors [1007]
[2020-12-12 14:33:35]: Peer [1001] has the optimistically unchoked neighbors [1009]
[2020-12-12 14:33:35]: Peer [1001] has the optimistically unchoked neighbors [1007]
[2020-12-12 14:33:35]: Peer [1001] has the optimistically unchoked neighbors [1009]
[2020-12-12 14:33:35]: Peer [1001] has the optimistically unchoked neighbors [1009]
[2020-12-12 14:33:35]: Peer [1001] has the optimistically unchoked neighbors [1005]
[2020-12-12 14:33:35]: Peer [1001] has the optimistically unchoked neighbors [1005]
[2020-12-12 14:33:35]: Peer [1001] has the optimistically unchoked neighbors [1005]
[2020-12-12 14:33:35]: Peer [1001] has the optimistically unchoked neighbors [1005]
[2020-12-12 14:33:35]: Peer [1001] has the optimistically unchoked neighbors [1009]
[2020-12-12 14:33:35]: Peer [1001] has the optimistically unchoked neighbors [1009]
[2020-12-12 14:33:35]: Peer [1001] has the optimistically unchoked neighbors [1009]
[2020-12-12 14:33:35]: Peer [1001] has the optimistically unchoked neighbors [1007]
[2020-12-12 14:33:35]: Peer [1001] has the optimistically unchoked neighbors [1005]
[2020-12-12 14:33:35]: Peer [1001] has the optimistically unchoked neighbors [1008]
[2020-12-12 14:33:35]: Peer [1001] has the optimistically unchoked neighbors [1007]
[2020-12-12 14:33:35]: Peer [1001] has the optimistically unchoked neighbors [1007]
[2020-12-12 14:33:35]: Peer [1001] has the optimistically unchoked neighbors [1009]
[2020-12-12 14:33:35]: Peer [1001] has the optimistically unchoked neighbors [1005]
[2020-12-12 14:33:35]: Peer [1001] has the optimistically unchoked neighbors [1008]
[2020-12-12 14:33:35]: Peer [1001] has the optimistically unchoked neighbors [1008]
[2020-12-12 14:33:35]: Peer [1001] has the optimistically unchoked neighbors [1008]
[2020-12-12 14:33:35]: Peer [1001] has the optimistically unchoked neighbors [1007]
[2020-12-12 14:33:35]: Peer [1001] has the optimistically unchoked neighbors [1008]
[2020-12-12 14:33:35]: Peer [1001] has the optimistically unchoked neighbors [1005]
[2020-12-12 14:33:35]: Peer [1001] has the optimistically unchoked neighbors [1007]
[2020-12-12 14:33:35]: Peer [1001] has the optimistically unchoked neighbors [1005]
[2020-12-12 14:33:35]: Peer [1001] has the optimistically unchoked neighbors [1005]
[2020-12-12 14:33:35]: Peer [1001] has the optimistically unchoked neighbors [1008]
[2020-12-12 14:33:35]: Peer [1001] has the optimistically unchoked neighbors [1007]
[2020-12-12 14:33:35]: Peer [1001] has the optimistically unchoked neighbors [1005]
[2020-12-12 14:33:35]: Peer [1001] has the optimistically unchoked neighbors [1009]
[2020-12-12 14:33:35]: Peer [1001] has the optimistically unchoked neighbors [1007]
[2020-12-12 14:33:35]: Peer [1001] has the optimistically unchoked neighbors [1008]
[2020-12-12 14:33:35]: Peer [1001] has the optimistically unchoked neighbors [1008]
[2020-12-12 14:33:35]: Peer [1001] has the optimistically unchoked neighbors [1007]
[2020-12-12 14:33:35]: Peer [1001] has the optimistically unchoked neighbors [1009]
[2020-12-12 14:33:35]: Peer [1001] has the optimistically unchoked neighbors [1007]
[2020-12-12 14:33:35]: Peer [1001] has the optimistically unchoked neighbors [1007]
[2020-12-12 14:33:35]: Peer [1001] has the optimistically unchoked neighbors [1009]
[2020-12-12 14:33:35]: Peer [1001] has the optimistically unchoked neighbors [1005]
[2020-12-12 14:33:35]: Peer [1001] received the 'have' message from [1007] for the piece [3]
[2020-12-12 14:33:35]: Peer [1001] received the 'have' message from [1009] for the piece [19]
[2020-12-12 14:33:35]: Peer [1001] has the optimistically unchoked neighbors [1005]
[2020-12-12 14:33:35]: Peer [1001] has the optimistically unchoked neighbors [1008]
[2020-12-12 14:33:35]: Peer [1001] received the 'have' message from [1007] for the piece [58]
[2020-12-12 14:33:35]: Peer [1001] received the 'have' message from [1009] for the piece [52]
[2020-12-12 14:33:35]: Peer [1001] has the optimistically unchoked neighbors [1007]
[2020-12-12 14:33:35]: Peer [1001] received the 'have' message from [1009] for the piece [14]
[2020-12-12 14:33:35]: Peer [1001] received the 'have' message from [1007] for the piece [6]
[2020-12-12 14:33:35]: Peer [1001] has the optimistically unchoked neighbors [1007]
[2020-12-12 14:33:35]: Peer [1001] received the 'have' message from [1007] for the piece [9]
[2020-12-12 14:33:35]: Peer [1001] received the 'have' message from [1009] for the piece [11]
[2020-12-12 14:33:35]: Peer [1001] has the optimistically unchoked neighbors [1008]
[2020-12-12 14:33:35]: Peer [1001] received the 'have' message from [1007] for the piece [10]
[2020-12-12 14:33:35]: Peer [1001] received the 'have' message from [1009] for the piece [32]
[2020-12-12 14:33:35]: Peer [1001] has the optimistically unchoked neighbors [1005]
[2020-12-12 14:33:35]: Peer [1001] has the optimistically unchoked neighbors [1009]
[2020-12-12 14:33:35]: Peer [1001] received the 'have' message from [1007] for the piece [8]
[2020-12-12 14:33:35]: Peer [1001] received the 'have' message from [1009] for the piece [10]
[2020-12-12 14:33:35]: Peer [1001] has the optimistically unchoked neighbors [1009]
[2020-12-12 14:33:35]: Peer [1001] received the 'have' message from [1009] for the piece [34]
[2020-12-12 14:33:35]: Peer [1001] received the 'have' message from [1007] for the piece [51]
[2020-12-12 14:33:35]: Peer [1001] has the optimistically unchoked neighbors [1008]
[2020-12-12 14:33:35]: Peer [1001] received the 'have' message from [1009] for the piece [8]
[2020-12-12 14:33:35]: Peer [1001] received the 'have' message from [1007] for the piece [21]
[2020-12-12 14:33:35]: Peer [1001] has the optimistically unchoked neighbors [1007]
[2020-12-12 14:33:35]: Peer [1001] received the 'have' message from [1007] for the piece [34]
[2020-12-12 14:33:35]: Peer [1001] received the 'have' message from [1009] for the piece [63]
[2020-12-12 14:33:35]: Peer [1001] has the optimistically unchoked neighbors [1005]
[2020-12-12 14:33:35]: Peer [1001] has the optimistically unchoked neighbors [1005]
[2020-12-12 14:33:35]: Peer [1001] received the 'have' message from [1007] for the piece [64]
[2020-12-12 14:33:35]: Peer [1001] received the 'have' message from [1009] for the piece [17]
[2020-12-12 14:33:35]: Peer [1001] has the optimistically unchoked neighbors [1007]
[2020-12-12 14:33:35]: Peer [1001] received the 'have' message from [1009] for the piece [54]
[2020-12-12 14:33:35]: Peer [1001] received the 'have' message from [1007] for the piece [38]
[2020-12-12 14:33:35]: Peer [1001] has the optimistically unchoked neighbors [1009]
[2020-12-12 14:33:35]: Peer [1001] received the 'have' message from [1009] for the piece [30]
[2020-12-12 14:33:35]: Peer [1001] received the 'have' message from [1007] for the piece [50]
[2020-12-12 14:33:35]: Peer [1001] has the optimistically unchoked neighbors [1008]
[2020-12-12 14:33:36]: Peer [1001] has the optimistically unchoked neighbors [1007]
[2020-12-12 14:33:36]: Peer [1001] received the 'have' message from [1009] for the piece [35]
[2020-12-12 14:33:36]: Peer [1001] received the 'have' message from [1007] for the piece [53]
[2020-12-12 14:33:36]: Peer [1001] has the optimistically unchoked neighbors [1008]
[2020-12-12 14:33:36]: Peer [1001] received the 'have' message from [1009] for the piece [18]
[2020-12-12 14:33:36]: Peer [1001] received the 'have' message from [1007] for the piece [35]
[2020-12-12 14:33:36]: Peer [1001] has the optimistically unchoked neighbors [1009]
[2020-12-12 14:33:36]: Peer [1001] received the 'have' message from [1007] for the piece [5]
[2020-12-12 14:33:36]: Peer [1001] received the 'have' message from [1009] for the piece [7]
[2020-12-12 14:33:36]: Peer [1001] has the optimistically unchoked neighbors [1009]
[2020-12-12 14:33:36]: Peer [1001] has the optimistically unchoked neighbors [1009]
[2020-12-12 14:33:36]: Peer [1001] received the 'have' message from [1007] for the piece [31]
[2020-12-12 14:33:36]: Peer [1001] received the 'have' message from [1009] for the piece [31]
[2020-12-12 14:33:36]: Peer [1001] has the preferred neighbors [1009,1007]
[2020-12-12 14:33:36]: Peer [1001] received the 'have' message from [1009] for the piece [13]
[2020-12-12 14:33:36]: Peer [1001] received the 'have' message from [1007] for the piece [52]
[2020-12-12 14:33:36]: Peer [1001] received the 'have' message from [1009] for the piece [12]
[2020-12-12 14:33:36]: Peer [1001] received the 'have' message from [1007] for the piece [2]
[2020-12-12 14:33:36]: Peer [1001] received the 'have' message from [1007] for the piece [19]
[2020-12-12 14:33:36]: Peer [1001] received the 'have' message from [1009] for the piece [39]
[2020-12-12 14:33:36]: Peer [1001] received the 'have' message from [1007] for the piece [25]
[2020-12-12 14:33:36]: Peer [1001] received the 'have' message from [1009] for the piece [46]
[2020-12-12 14:33:36]: Peer [1001] received the 'have' message from [1009] for the piece [20]
[2020-12-12 14:33:36]: Peer [1001] received the 'have' message from [1007] for the piece [4]
[2020-12-12 14:33:36]: Peer [1001] received the 'have' message from [1009] for the piece [61]
[2020-12-12 14:33:36]: Peer [1001] received the 'have' message from [1007] for the piece [36]
[2020-12-12 14:33:36]: Peer [1001] received the 'have' message from [1009] for the piece [16]
[2020-12-12 14:33:36]: Peer [1001] received the 'have' message from [1007] for the piece [0]
[2020-12-12 14:33:36]: Peer [1001] received the 'have' message from [1009] for the piece [27]
[2020-12-12 14:33:36]: Peer [1001] received the 'have' message from [1007] for the piece [18]
[2020-12-12 14:33:36]: Peer [1001] received the 'have' message from [1007] for the piece [14]
[2020-12-12 14:33:36]: Peer [1001] received the 'have' message from [1009] for the piece [6]
[2020-12-12 14:33:36]: Peer [1001] received the 'have' message from [1009] for the piece [0]
[2020-12-12 14:33:36]: Peer [1001] received the 'have' message from [1007] for the piece [54]
[2020-12-12 14:33:36]: Peer [1001] received the 'have' message from [1009] for the piece [25]
[2020-12-12 14:33:36]: Peer [1001] received the 'have' message from [1007] for the piece [33]
[2020-12-12 14:33:36]: Peer [1001] received the 'have' message from [1009] for the piece [58]
[2020-12-12 14:33:36]: Peer [1001] received the 'have' message from [1007] for the piece [29]
[2020-12-12 14:33:36]: Peer [1001] received the 'have' message from [1009] for the piece [3]
[2020-12-12 14:33:36]: Peer [1001] received the 'have' message from [1009] for the piece [55]
[2020-12-12 14:33:36]: Peer [1001] received the 'have' message from [1007] for the piece [23]
[2020-12-12 14:33:36]: Peer [1001] received the 'have' message from [1007] for the piece [56]
[2020-12-12 14:33:36]: Peer [1001] received the 'have' message from [1009] for the piece [62]
[2020-12-12 14:33:36]: Peer [1001] received the 'have' message from [1009] for the piece [21]
[2020-12-12 14:33:36]: Peer [1001] received the 'have' message from [1007] for the piece [13]
[2020-12-12 14:33:36]: Peer [1001] received the 'have' message from [1009] for the piece [64]
[2020-12-12 14:33:36]: Peer [1001] received the 'have' message from [1007] for the piece [61]
[2020-12-12 14:33:36]: Peer [1001] received the 'have' message from [1009] for the piece [15]
[2020-12-12 14:33:36]: Peer [1001] received the 'have' message from [1007] for the piece [26]
[2020-12-12 14:33:36]: Peer [1001] received the 'have' message from [1009] for the piece [45]
[2020-12-12 14:33:36]: Peer [1001] received the 'have' message from [1007] for the piece [47]
[2020-12-12 14:33:36]: Peer [1001] received the 'have' message from [1009] for the piece [50]
[2020-12-12 14:33:36]: Peer [1001] received the 'have' message from [1007] for the piece [22]
[2020-12-12 14:33:36]: Peer [1001] received the 'have' message from [1009] for the piece [33]
[2020-12-12 14:33:36]: Peer [1001] received the 'have' message from [1009] for the piece [26]
[2020-12-12 14:33:36]: Peer [1001] received the 'have' message from [1007] for the piece [45]
[2020-12-12 14:33:36]: Peer [1001] received the 'have' message from [1007] for the piece [12]
[2020-12-12 14:33:36]: Peer [1001] received the 'have' message from [1009] for the piece [56]
[2020-12-12 14:33:36]: Peer [1001] received the 'have' message from [1007] for the piece [39]
[2020-12-12 14:33:36]: Peer [1001] received the 'have' message from [1009] for the piece [40]
[2020-12-12 14:33:36]: Peer [1001] received the 'have' message from [1007] for the piece [48]
[2020-12-12 14:33:36]: Peer [1001] received the 'have' message from [1009] for the piece [28]
[2020-12-12 14:33:36]: Peer [1001] received the 'have' message from [1007] for the piece [1]
[2020-12-12 14:33:36]: Peer [1001] received the 'have' message from [1009] for the piece [41]
[2020-12-12 14:33:36]: Peer [1001] received the 'have' message from [1007] for the piece [40]
[2020-12-12 14:33:36]: Peer [1001] received the 'have' message from [1009] for the piece [51]
[2020-12-12 14:33:36]: Peer [1001] received the 'have' message from [1007] for the piece [20]
[2020-12-12 14:33:36]: Peer [1001] received the 'have' message from [1009] for the piece [4]
[2020-12-12 14:33:36]: Peer [1001] received the 'have' message from [1007] for the piece [28]
[2020-12-12 14:33:36]: Peer [1001] received the 'have' message from [1009] for the piece [48]
[2020-12-12 14:33:36]: Peer [1001] received the 'have' message from [1007] for the piece [15]
[2020-12-12 14:33:36]: Peer [1001] received the 'have' message from [1007] for the piece [11]
[2020-12-12 14:33:36]: Peer [1001] received the 'have' message from [1009] for the piece [36]
[2020-12-12 14:33:36]: Peer [1001] received the 'have' message from [1007] for the piece [57]
[2020-12-12 14:33:36]: Peer [1001] received the 'have' message from [1009] for the piece [57]
[2020-12-12 14:33:36]: Peer [1001] received the 'have' message from [1007] for the piece [24]
[2020-12-12 14:33:36]: Peer [1001] received the 'have' message from [1007] for the piece [63]
[2020-12-12 14:33:36]: Peer [1001] received the 'have' message from [1007] for the piece [49]
[2020-12-12 14:33:36]: Peer [1001] received the 'have' message from [1009] for the piece [29]
[2020-12-12 14:33:36]: Peer [1001] received the 'have' message from [1009] for the piece [47]
[2020-12-12 14:33:36]: Peer [1001] received the 'have' message from [1007] for the piece [46]
[2020-12-12 14:33:36]: Peer [1001] received the 'have' message from [1007] for the piece [32]
[2020-12-12 14:33:36]: Peer [1001] received the 'have' message from [1009] for the piece [43]
[2020-12-12 14:33:36]: Peer [1001] received the 'have' message from [1009] for the piece [22]
[2020-12-12 14:33:36]: Peer [1001] received the 'have' message from [1007] for the piece [43]
[2020-12-12 14:33:36]: Peer [1001] received the 'have' message from [1007] for the piece [62]
[2020-12-12 14:33:36]: Peer [1001] received the 'have' message from [1009] for the piece [23]
[2020-12-12 14:33:36]: Peer [1001] received the 'have' message from [1009] for the piece [9]
[2020-12-12 14:33:36]: Peer [1001] received the 'have' message from [1007] for the piece [41]
[2020-12-12 14:33:36]: Peer [1001] received the 'have' message from [1009] for the piece [2]
[2020-12-12 14:33:36]: Peer [1001] received the 'have' message from [1007] for the piece [16]
[2020-12-12 14:33:36]: Peer [1001] received the 'have' message from [1009] for the piece [49]
[2020-12-12 14:33:36]: Peer [1001] received the 'have' message from [1007] for the piece [30]
[2020-12-12 14:33:36]: Peer [1001] received the 'have' message from [1009] for the piece [38]
[2020-12-12 14:33:36]: Peer [1001] received the 'have' message from [1007] for the piece [7]
[2020-12-12 14:33:36]: Peer [1001] received the 'have' message from [1009] for the piece [1]
[2020-12-12 14:33:36]: Peer [1001] received the 'have' message from [1007] for the piece [17]
[2020-12-12 14:33:36]: Peer [1001] received the 'have' message from [1009] for the piece [53]
[2020-12-12 14:33:36]: Peer [1001] received the 'have' message from [1007] for the piece [55]
[2020-12-12 14:33:36]: Peer [1001] received the 'have' message from [1009] for the piece [24]
[2020-12-12 14:33:36]: Peer [1001] received the 'have' message from [1007] for the piece [66]
[2020-12-12 14:33:36]: Peer [1001] received the 'have' message from [1009] for the piece [5]
[2020-12-12 14:33:36]: Peer [1001] receive the 'not interested' message from [1007]
[2020-12-12 14:33:36]: Peer [1001] received the 'have' message from [1009] for the piece [66]
[2020-12-12 14:33:36]: Peer [1001] receive the 'not interested' message from [1009]
